<?xml version="1.0" encoding="UTF-8"?>
<testng-results ignored="0" total="1" passed="1" failed="0" skipped="0">
  <reporter-output>
  </reporter-output>
  <suite started-at="2023-10-04T10:37:38 IST" name="Default suite" finished-at="2023-10-04T10:37:52 IST" duration-ms="14647">
    <groups>
    </groups>
    <test started-at="2023-10-04T10:37:38 IST" name="Default test" finished-at="2023-10-04T10:37:52 IST" duration-ms="14647">
      <class name="testngpkg.EbayMousehoverWaits">
        <test-method is-config="true" signature="setUp()[pri:0, instance:testngpkg.EbayMousehoverWaits@6c1a5b54]" started-at="2023-10-04T10:37:38 IST" name="setUp" finished-at="2023-10-04T10:37:40 IST" duration-ms="2829" status="PASS">
          <reporter-output>
          </reporter-output>
        </test-method> <!-- setUp -->
        <test-method signature="test()[pri:0, instance:testngpkg.EbayMousehoverWaits@6c1a5b54]" started-at="2023-10-04T10:37:40 IST" name="test" finished-at="2023-10-04T10:37:52 IST" duration-ms="11771" status="PASS">
          <reporter-output>
          </reporter-output>
        </test-method> <!-- test -->
      </class> <!-- testngpkg.EbayMousehoverWaits -->
    </test> <!-- Default test -->
  </suite> <!-- Default suite -->
</testng-results>
